<?xml version="1.0" encoding="UTF-8"?>
<testsuite xmlns:xsi="http://www.w3.org/2001/XMLSchema-instance" xsi:noNamespaceSchemaLocation="https://maven.apache.org/surefire/maven-surefire-plugin/xsd/surefire-test-report-3.0.xsd" version="3.0" name="org.gs.AmazonCartResourceTest" time="25.488" tests="8" errors="0" skipped="0" failures="0">
  <properties>
[...]
</properties>
  <testcase name="getItemsEmptyList" classname="org.gs.AmazonCartResourceTest" time="3.928">
    <system-out><![CDATA[2023-08-07 11:43:24,133 INFO  [org.jbo.threads] (main) JBoss Threads version 3.4.2.Final
2023-08-07 11:43:34,989 WARN  [io.ver.cor.imp.BlockedThreadChecker] (vertx-blocked-thread-checker) Thread Thread[#54,vert.x-eventloop-thread-2,5,main] has been blocked for 3747 ms, time limit is 2000 ms: io.vertx.core.VertxException: Thread blocked
	at io.vertx.core.net.impl.TCPServerBase.listen(TCPServerBase.java:125)
	at io.vertx.core.net.impl.TCPServerBase.bind(TCPServerBase.java:100)
	at io.vertx.core.http.impl.HttpServerImpl.listen(HttpServerImpl.java:217)
	at io.vertx.core.http.impl.HttpServerImpl.listen(HttpServerImpl.java:149)
	at io.vertx.core.http.impl.HttpServerImpl.listen(HttpServerImpl.java:154)
	at io.quarkus.vertx.http.runtime.VertxHttpRecorder$WebDeploymentVerticle.setupTcpHttpServer(VertxHttpRecorder.java:1077)
	at io.quarkus.vertx.http.runtime.VertxHttpRecorder$WebDeploymentVerticle.start(VertxHttpRecorder.java:1019)
	at io.vertx.core.impl.DeploymentManager.lambda$doDeploy$5(DeploymentManager.java:196)
	at io.vertx.core.impl.AbstractContext.dispatch(AbstractContext.java:100)
	at io.vertx.core.impl.AbstractContext.dispatch(AbstractContext.java:63)
	at io.vertx.core.impl.EventLoopContext.lambda$runOnContext$0(EventLoopContext.java:38)
	at io.netty.util.concurrent.AbstractEventExecutor.safeExecute(AbstractEventExecutor.java:164)
	at io.netty.util.concurrent.SingleThreadEventExecutor.runAllTasks(SingleThreadEventExecutor.java:469)
	at io.netty.channel.nio.NioEventLoop.run(NioEventLoop.java:503)
	at io.netty.util.concurrent.SingleThreadEventExecutor$4.run(SingleThreadEventExecutor.java:986)
	at io.netty.util.internal.ThreadExecutorMap$2.run(ThreadExecutorMap.java:74)
	at io.netty.util.concurrent.FastThreadLocalRunnable.run(FastThreadLocalRunnable.java:30)
	at java.base/java.lang.Thread.run(Thread.java:1623)

2023-08-07 11:43:34,993 WARN  [io.ver.cor.imp.BlockedThreadChecker] (vertx-blocked-thread-checker) Thread Thread[#52,vert.x-eventloop-thread-0,5,main] has been blocked for 3744 ms, time limit is 2000 ms: io.vertx.core.VertxException: Thread blocked
	at io.netty.channel.AbstractChannel.newId(AbstractChannel.java:113)
	at io.netty.channel.AbstractChannel.<init>(AbstractChannel.java:73)
	at io.netty.channel.nio.AbstractNioChannel.<init>(AbstractNioChannel.java:80)
	at io.netty.channel.nio.AbstractNioMessageChannel.<init>(AbstractNioMessageChannel.java:42)
	at io.netty.channel.socket.nio.NioServerSocketChannel.<init>(NioServerSocketChannel.java:89)
	at io.netty.channel.socket.nio.NioServerSocketChannel.<init>(NioServerSocketChannel.java:75)
	at io.netty.bootstrap.AbstractBootstrap.initAndRegister(AbstractBootstrap.java:310)
	at io.netty.bootstrap.AbstractBootstrap.doBind(AbstractBootstrap.java:272)
	at io.netty.bootstrap.AbstractBootstrap.bind(AbstractBootstrap.java:268)
	at io.vertx.core.net.impl.AsyncResolveConnectHelper.lambda$doBind$2(AsyncResolveConnectHelper.java:58)
	at io.vertx.core.impl.future.FutureImpl$3.onSuccess(FutureImpl.java:141)
	at io.vertx.core.impl.future.FutureBase.emitSuccess(FutureBase.java:60)
	at io.vertx.core.impl.future.FutureImpl.addListener(FutureImpl.java:196)
	at io.vertx.core.impl.future.FutureImpl.onComplete(FutureImpl.java:164)
	at io.vertx.core.impl.AddressResolver.resolveHostname(AddressResolver.java:86)
	at io.vertx.core.impl.VertxImpl.resolveAddress(VertxImpl.java:775)
	at io.vertx.core.net.impl.AsyncResolveConnectHelper.doBind(AsyncResolveConnectHelper.java:73)
	at io.vertx.core.net.impl.TCPServerBase.listen(TCPServerBase.java:169)
	at io.vertx.core.net.impl.TCPServerBase.bind(TCPServerBase.java:100)
	at io.vertx.core.http.impl.HttpServerImpl.listen(HttpServerImpl.java:217)
	at io.vertx.core.http.impl.HttpServerImpl.listen(HttpServerImpl.java:149)
	at io.vertx.core.http.impl.HttpServerImpl.listen(HttpServerImpl.java:154)
	at io.quarkus.vertx.http.runtime.VertxHttpRecorder$WebDeploymentVerticle.setupTcpHttpServer(VertxHttpRecorder.java:1077)
	at io.quarkus.vertx.http.runtime.VertxHttpRecorder$WebDeploymentVerticle.start(VertxHttpRecorder.java:1019)
	at io.vertx.core.impl.DeploymentManager.lambda$doDeploy$5(DeploymentManager.java:196)
	at io.vertx.core.impl.AbstractContext.dispatch(AbstractContext.java:100)
	at io.vertx.core.impl.AbstractContext.dispatch(AbstractContext.java:63)
	at io.vertx.core.impl.EventLoopContext.lambda$runOnContext$0(EventLoopContext.java:38)
	at io.netty.util.concurrent.AbstractEventExecutor.safeExecute(AbstractEventExecutor.java:164)
	at io.netty.util.concurrent.SingleThreadEventExecutor.runAllTasks(SingleThreadEventExecutor.java:469)
	at io.netty.channel.nio.NioEventLoop.run(NioEventLoop.java:503)
	at io.netty.util.concurrent.SingleThreadEventExecutor$4.run(SingleThreadEventExecutor.java:986)
	at io.netty.util.internal.ThreadExecutorMap$2.run(ThreadExecutorMap.java:74)
	at io.netty.util.concurrent.FastThreadLocalRunnable.run(FastThreadLocalRunnable.java:30)
	at java.base/java.lang.Thread.run(Thread.java:1623)

2023-08-07 11:43:34,995 WARN  [io.ver.cor.imp.BlockedThreadChecker] (vertx-blocked-thread-checker) Thread Thread[#58,vert.x-eventloop-thread-6,5,main] has been blocked for 3747 ms, time limit is 2000 ms: io.vertx.core.VertxException: Thread blocked
	at io.vertx.core.net.impl.TCPServerBase.listen(TCPServerBase.java:125)
	at io.vertx.core.net.impl.TCPServerBase.bind(TCPServerBase.java:100)
	at io.vertx.core.http.impl.HttpServerImpl.listen(HttpServerImpl.java:217)
	at io.vertx.core.http.impl.HttpServerImpl.listen(HttpServerImpl.java:149)
	at io.vertx.core.http.impl.HttpServerImpl.listen(HttpServerImpl.java:154)
	at io.quarkus.vertx.http.runtime.VertxHttpRecorder$WebDeploymentVerticle.setupTcpHttpServer(VertxHttpRecorder.java:1077)
	at io.quarkus.vertx.http.runtime.VertxHttpRecorder$WebDeploymentVerticle.start(VertxHttpRecorder.java:1019)
	at io.vertx.core.impl.DeploymentManager.lambda$doDeploy$5(DeploymentManager.java:196)
	at io.vertx.core.impl.AbstractContext.dispatch(AbstractContext.java:100)
	at io.vertx.core.impl.AbstractContext.dispatch(AbstractContext.java:63)
	at io.vertx.core.impl.EventLoopContext.lambda$runOnContext$0(EventLoopContext.java:38)
	at io.netty.util.concurrent.AbstractEventExecutor.safeExecute(AbstractEventExecutor.java:164)
	at io.netty.util.concurrent.SingleThreadEventExecutor.runAllTasks(SingleThreadEventExecutor.java:469)
	at io.netty.channel.nio.NioEventLoop.run(NioEventLoop.java:503)
	at io.netty.util.concurrent.SingleThreadEventExecutor$4.run(SingleThreadEventExecutor.java:986)
	at io.netty.util.internal.ThreadExecutorMap$2.run(ThreadExecutorMap.java:74)
	at io.netty.util.concurrent.FastThreadLocalRunnable.run(FastThreadLocalRunnable.java:30)
	at java.base/java.lang.Thread.run(Thread.java:1623)

2023-08-07 11:43:35,898 WARN  [io.qua.net.run.NettyRecorder] (Thread-16) Netty DefaultChannelId initialization (with io.netty.machineId system property set to 0d:38:61:fc:b5:88:bd:53) took more than a second
2023-08-07 11:43:35,968 INFO  [io.quarkus] (main) Quarkus 2.7.4.Final on JVM started in 13.287s. Listening on: http://localhost:8081
2023-08-07 11:43:35,970 INFO  [io.quarkus] (main) Profile test activated. 
2023-08-07 11:43:35,970 INFO  [io.quarkus] (main) Installed features: [cdi, reactive-routes, resteasy, resteasy-jsonb, security, smallrye-context-propagation, smallrye-jwt, smallrye-openapi, swagger-ui, vertx]
]]></system-out>
  </testcase>
  <testcase name="addItemAuthorizationDisabled" classname="org.gs.AmazonCartResourceTest" time="0.225"/>
  <testcase name="addItemWithAuthorization" classname="org.gs.AmazonCartResourceTest" time="0.074"/>
  <testcase name="addItemWithWrongAuthorization" classname="org.gs.AmazonCartResourceTest" time="0.035"/>
  <testcase name="addItemNoAuthorization" classname="org.gs.AmazonCartResourceTest" time="0.022"/>
  <testcase name="deleteItemAuthorizationDisabled" classname="org.gs.AmazonCartResourceTest" time="0.019"/>
  <testcase name="deleteItemWithAuthorization" classname="org.gs.AmazonCartResourceTest" time="0.015"/>
  <testcase name="deleteItemNoAuthorization" classname="org.gs.AmazonCartResourceTest" time="0.013"/>
</testsuite>